<?xml version="1.0" encoding="UTF-8"?>
<!-- Generated by org.testng.reporters.JUnitReportReporter -->
<testsuite name="Day3.TestShadowElement" tests="1" time="4.986" ignored="0" failures="0" timestamp="15 Jun 2023 07:19:08 GMT" skipped="0" hostname="SYPULCP7CWG3" errors="0">
  <testcase name="ShadowElementtest" time="4.986" classname="Day3.TestShadowElement"/>
</testsuite> <!-- Day3.TestShadowElement -->
