<?xml version="1.0" encoding="UTF-8"?>
<!-- Generated by org.testng.reporters.JUnitReportReporter -->
<testsuite name="Day2.testAlert" tests="1" time="6.854" ignored="0" failures="0" timestamp="14 Jun 2023 06:54:54 GMT" skipped="0" hostname="SYPULCP7CWG3" errors="0">
  <testcase name="testAlert" time="6.854" classname="Day2.testAlert"/>
</testsuite> <!-- Day2.testAlert -->
