<?xml version="1.0" encoding="UTF-8"?>
<!-- Generated by org.testng.reporters.JUnitReportReporter -->
<testsuite name="Testframe" tests="1" time="73.817" ignored="0" failures="0" timestamp="14 Jun 2023 11:37:18 GMT" skipped="0" hostname="SYPULCP7CWG3" errors="0">
  <testcase name="frameTest" time="73.817" classname="Testframe"/>
</testsuite> <!-- Testframe -->
