<?xml version="1.0" encoding="UTF-8"?>
<!-- Generated by org.testng.reporters.JUnitReportReporter -->
<testsuite name="Day2.Fruits" tests="3" time="0.024" ignored="0" failures="0" timestamp="14 Jun 2023 07:49:13 GMT" skipped="0" hostname="SYPULCP7CWG3" errors="0">
  <testcase name="mango" time="0.022" classname="Day2.Fruits"/>
  <testcase name="apple" time="0.001" classname="Day2.Fruits"/>
  <testcase name="watermelon" time="0.001" classname="Day2.Fruits"/>
</testsuite> <!-- Day2.Fruits -->
