<?xml version="1.0" encoding="UTF-8"?>
<!-- Generated by org.testng.reporters.JUnitReportReporter -->
<testsuite name="ActionExample" tests="1" time="18.365" ignored="0" failures="0" timestamp="15 Jun 2023 03:32:49 GMT" skipped="0" hostname="SYPULCP7CWG3" errors="0">
  <testcase name="testActionExample" time="18.365" classname="ActionExample"/>
</testsuite> <!-- ActionExample -->
