<?xml version="1.0" encoding="UTF-8"?>
<!-- Generated by org.testng.reporters.JUnitReportReporter -->
<testsuite name="Day2.testAction" tests="1" time="36.078" ignored="0" failures="0" timestamp="14 Jun 2023 03:41:24 GMT" skipped="0" hostname="SYPULCP7CWG3" errors="0">
  <testcase name="actionTest" time="36.078" classname="Day2.testAction"/>
</testsuite> <!-- Day2.testAction -->
