<?xml version="1.0" encoding="UTF-8"?>
<!-- Generated by org.testng.reporters.JUnitReportReporter -->
<testsuite name="AutoSuggest" tests="1" time="10.799" ignored="0" failures="0" timestamp="14 Jun 2023 13:07:28 GMT" skipped="0" hostname="SYPULCP7CWG3" errors="0">
  <testcase name="testAutoSuggest" time="10.799" classname="AutoSuggest"/>
</testsuite> <!-- AutoSuggest -->
