<?xml version="1.0" encoding="UTF-8"?>
<!-- Generated by org.testng.reporters.JUnitReportReporter -->
<testsuite name="TestDynamicWebTable" tests="1" time="56.230" ignored="0" failures="0" timestamp="14 Jun 2023 12:33:03 GMT" skipped="0" hostname="SYPULCP7CWG3" errors="0">
  <testcase name="dynamicWebTable" time="56.230" classname="TestDynamicWebTable"/>
</testsuite> <!-- TestDynamicWebTable -->
