<?xml version="1.0" encoding="UTF-8"?>
<!-- Generated by org.testng.reporters.JUnitReportReporter -->
<testsuite name="TestngAnnotation.TestBase" tests="1" time="5.109" ignored="0" failures="0" timestamp="14 Jun 2023 04:40:04 GMT" skipped="0" hostname="SYPULCP7CWG3" errors="0">
  <testcase name="LaunchBrowser" time="5.109" classname="TestngAnnotation.TestBase"/>
</testsuite> <!-- TestngAnnotation.TestBase -->
