<?xml version="1.0" encoding="UTF-8"?>
<!-- Generated by org.testng.reporters.JUnitReportReporter -->
<testsuite name="TestngAnnotation.Login" tests="12" time="0.030" ignored="0" failures="0" timestamp="13 Jun 2023 06:33:52 GMT" skipped="0" hostname="SYPULCP7CWG3" errors="0">
  <testcase name="Login1" time="0.001" classname="TestngAnnotation.Login"/>
  <testcase name="Login1" time="0.001" classname="TestngAnnotation.Login"/>
  <testcase name="Login" time="0.016" classname="TestngAnnotation.Login"/>
  <testcase name="Login" time="0.002" classname="TestngAnnotation.Login"/>
  <testcase name="Login2" time="0.000" classname="TestngAnnotation.Login"/>
  <testcase name="Login1" time="0.001" classname="TestngAnnotation.Login"/>
  <testcase name="Login" time="0.002" classname="TestngAnnotation.Login"/>
  <testcase name="Login1" time="0.002" classname="TestngAnnotation.Login"/>
  <testcase name="Login2" time="0.001" classname="TestngAnnotation.Login"/>
  <testcase name="Login2" time="0.001" classname="TestngAnnotation.Login"/>
  <testcase name="Login" time="0.002" classname="TestngAnnotation.Login"/>
  <testcase name="Login2" time="0.001" classname="TestngAnnotation.Login"/>
</testsuite> <!-- TestngAnnotation.Login -->
