<?xml version="1.0" encoding="UTF-8"?>
<!-- Generated by org.testng.reporters.JUnitReportReporter -->
<testsuite name="Day3.TestCalender" tests="1" time="14.722" ignored="0" failures="0" timestamp="15 Jun 2023 07:53:37 GMT" skipped="0" hostname="SYPULCP7CWG3" errors="0">
  <testcase name="Calendertest" time="14.722" classname="Day3.TestCalender"/>
</testsuite> <!-- Day3.TestCalender -->
