<?xml version="1.0" encoding="UTF-8"?>
<!-- Generated by org.testng.reporters.JUnitReportReporter -->
<testsuite name="Day2.LiveApplication" tests="1" time="6.249" ignored="0" failures="0" timestamp="14 Jun 2023 06:15:15 GMT" skipped="0" hostname="SYPULCP7CWG3" errors="0">
  <testcase name="testPaytm" time="6.249" classname="Day2.LiveApplication"/>
</testsuite> <!-- Day2.LiveApplication -->
