<?xml version="1.0" encoding="UTF-8"?>
<!-- Generated by org.testng.reporters.JUnitReportReporter -->
<testsuite name="Day3.DynamicWebTable" tests="1" time="30.084" ignored="0" failures="0" timestamp="15 Jun 2023 06:04:09 GMT" skipped="0" hostname="SYPULCP7CWG3" errors="0">
  <testcase name="testDynamicWebTable" time="30.084" classname="Day3.DynamicWebTable"/>
</testsuite> <!-- Day3.DynamicWebTable -->
