<?xml version="1.0" encoding="UTF-8"?>
<!-- Generated by org.testng.reporters.JUnitReportReporter -->
<testsuite name="Day3.TestAutoSuggestion" tests="1" time="10.406" ignored="0" failures="0" timestamp="15 Jun 2023 06:55:01 GMT" skipped="0" hostname="SYPULCP7CWG3" errors="0">
  <testcase name="AutoSuggestiontest" time="10.406" classname="Day3.TestAutoSuggestion"/>
</testsuite> <!-- Day3.TestAutoSuggestion -->
