<?xml version="1.0" encoding="UTF-8"?>
<!-- Generated by org.testng.reporters.JUnitReportReporter -->
<testsuite name="Annotation1" tests="2" time="0.045" ignored="0" failures="0" timestamp="13 Jun 2023 05:06:37 GMT" skipped="0" hostname="SYPULCP7CWG3" errors="0">
  <testcase name="testMethod" time="0.011" classname="Annotation1"/>
  <testcase name="testMethod1" time="0.034" classname="Annotation1"/>
</testsuite> <!-- Annotation1 -->
