<?xml version="1.0" encoding="UTF-8"?>
<!-- Generated by org.testng.reporters.JUnitReportReporter -->
<testsuite name="Day3.TestAction" tests="1" time="50.712" ignored="0" failures="0" timestamp="15 Jun 2023 08:27:48 GMT" skipped="0" hostname="SYPULCP7CWG3" errors="0">
  <testcase name="ActionTest" time="50.712" classname="Day3.TestAction"/>
</testsuite> <!-- Day3.TestAction -->
