<?xml version="1.0" encoding="UTF-8"?>
<!-- Generated by org.testng.reporters.JUnitReportReporter -->
<testsuite name="Day3.TestTooltip" tests="1" time="9.171" ignored="0" failures="0" timestamp="15 Jun 2023 07:04:48 GMT" skipped="0" hostname="SYPULCP7CWG3" errors="0">
  <testcase name="Tooltiptest" time="9.171" classname="Day3.TestTooltip"/>
</testsuite> <!-- Day3.TestTooltip -->
