<?xml version="1.0" encoding="UTF-8"?>
<!-- Generated by org.testng.reporters.JUnitReportReporter -->
<testsuite name="Mamemytrip" tests="1" time="49.881" ignored="0" failures="0" timestamp="15 Jun 2023 03:05:01 GMT" skipped="0" hostname="SYPULCP7CWG3" errors="0">
  <testcase name="testMamemytrip" time="49.881" classname="Mamemytrip"/>
</testsuite> <!-- Mamemytrip -->
