<?xml version="1.0" encoding="UTF-8"?>
<!-- Generated by org.testng.reporters.JUnitReportReporter -->
<testsuite name="Annotation2" tests="2" time="0.009" ignored="0" failures="0" timestamp="13 Jun 2023 05:12:30 GMT" skipped="0" hostname="SYPULCP7CWG3" errors="0">
  <testcase name="testMethod" time="0.008" classname="Annotation2"/>
  <testcase name="testMethod1" time="0.001" classname="Annotation2"/>
</testsuite> <!-- Annotation2 -->
