<?xml version="1.0" encoding="UTF-8"?>
<!-- Generated by org.testng.reporters.JUnitReportReporter -->
<testsuite name="Day2.Practice" tests="1" time="0.023" ignored="0" failures="0" timestamp="14 Jun 2023 07:47:47 GMT" skipped="0" hostname="SYPULCP7CWG3" errors="0">
  <testcase name="testcase1" time="0.023" classname="Day2.Practice"/>
</testsuite> <!-- Day2.Practice -->
