<?xml version="1.0" encoding="UTF-8"?>
<!-- Generated by org.testng.reporters.JUnitReportReporter -->
<testsuite name="PaytmFrame" tests="1" time="25.019" ignored="0" failures="0" timestamp="14 Jun 2023 13:55:25 GMT" skipped="0" hostname="SYPULCP7CWG3" errors="0">
  <testcase name="testPaytmFrame" time="25.019" classname="PaytmFrame"/>
</testsuite> <!-- PaytmFrame -->
