<?xml version="1.0" encoding="UTF-8"?>
<!-- Generated by org.testng.reporters.JUnitReportReporter -->
<testsuite name="TestngAnnotation.Annotation1" tests="2" time="0.032" ignored="0" failures="0" timestamp="13 Jun 2023 10:50:10 GMT" skipped="0" hostname="SYPULCP7CWG3" errors="0">
  <testcase name="DeleteLoan1" time="0.016" classname="TestngAnnotation.Annotation1"/>
  <testcase name="CreateLoan" time="0.016" classname="TestngAnnotation.Annotation1"/>
</testsuite> <!-- TestngAnnotation.Annotation1 -->
