<?xml version="1.0" encoding="UTF-8"?>
<!-- Generated by org.testng.reporters.JUnitReportReporter -->
<testsuite name="Navigate" tests="1" time="15.923" ignored="0" failures="0" timestamp="14 Jun 2023 13:17:55 GMT" skipped="0" hostname="SYPULCP7CWG3" errors="0">
  <testcase name="testNavigate" time="15.923" classname="Navigate"/>
</testsuite> <!-- Navigate -->
