<?xml version="1.0" encoding="UTF-8"?>
<!-- Generated by org.testng.reporters.JUnitReportReporter -->
<testsuite name="Day2.TestScreenshot" tests="1" time="8.477" ignored="0" failures="0" timestamp="14 Jun 2023 06:39:30 GMT" skipped="0" hostname="SYPULCP7CWG3" errors="0">
  <testcase name="ScreenshotTest" time="8.477" classname="Day2.TestScreenshot"/>
</testsuite> <!-- Day2.TestScreenshot -->
