<?xml version="1.0" encoding="UTF-8"?>
<!-- Generated by org.testng.reporters.JUnitReportReporter -->
<testsuite name="Calender" tests="1" time="16.437" ignored="0" failures="0" timestamp="14 Jun 2023 12:50:03 GMT" skipped="0" hostname="SYPULCP7CWG3" errors="0">
  <testcase name="testCalender" time="16.437" classname="Calender"/>
</testsuite> <!-- Calender -->
