<?xml version="1.0" encoding="UTF-8"?>
<!-- Generated by org.testng.reporters.JUnitReportReporter -->
<testsuite name="Day3.TestNavigate" tests="1" time="18.295" ignored="0" failures="0" timestamp="15 Jun 2023 07:28:12 GMT" skipped="0" hostname="SYPULCP7CWG3" errors="0">
  <testcase name="Navigatetest" time="18.295" classname="Day3.TestNavigate"/>
</testsuite> <!-- Day3.TestNavigate -->
