<?xml version="1.0" encoding="UTF-8"?>
<!-- Generated by org.testng.reporters.JUnitReportReporter -->
<testsuite name="testAction" tests="1" time="36.490" ignored="0" failures="0" timestamp="14 Jun 2023 11:03:56 GMT" skipped="0" hostname="SYPULCP7CWG3" errors="0">
  <testcase name="actionTest" time="36.490" classname="testAction"/>
</testsuite> <!-- testAction -->
