<?xml version="1.0" encoding="UTF-8"?>
<!-- Generated by org.testng.reporters.JUnitReportReporter -->
<testsuite name="Day3.Testiframe" tests="1" time="8.817" ignored="0" failures="0" timestamp="15 Jun 2023 04:57:05 GMT" skipped="0" hostname="SYPULCP7CWG3" errors="0">
  <testcase name="iframetest" time="8.817" classname="Day3.Testiframe"/>
</testsuite> <!-- Day3.Testiframe -->
