<?xml version="1.0" encoding="UTF-8"?>
<!-- Generated by org.testng.reporters.JUnitReportReporter -->
<testsuite name="POJO1.ProductTest" tests="1" time="0.008" ignored="0" failures="0" timestamp="02 Jul 2023 12:37:14 GMT" skipped="0" hostname="SYPULCP7CWG3" errors="0">
  <testcase name="testProduct" time="0.008" classname="POJO1.ProductTest"/>
</testsuite> <!-- POJO1.ProductTest -->
