<?xml version="1.0" encoding="UTF-8"?>
<!-- Generated by org.testng.reporters.JUnitReportReporter -->
<testsuite name="CrudOperation.PutRequestTest" tests="1" time="0.055" ignored="0" failures="0" timestamp="02 Jul 2023 12:37:14 GMT" skipped="0" hostname="SYPULCP7CWG3" errors="0">
  <testcase name="name" time="0.055" classname="CrudOperation.PutRequestTest"/>
</testsuite> <!-- CrudOperation.PutRequestTest -->
