<?xml version="1.0" encoding="UTF-8"?>
<!-- Generated by org.testng.reporters.JUnitReportReporter -->
<testsuite name="Basics.DeleteStudent" tests="1" time="1.688" ignored="0" failures="0" timestamp="04 Jul 2023 07:31:15 GMT" skipped="0" hostname="SYPULCP7CWG3" errors="0">
  <testcase name="testDeleteStudent" time="1.688" classname="Basics.DeleteStudent"/>
</testsuite> <!-- Basics.DeleteStudent -->
