<?xml version="1.0" encoding="UTF-8"?>
<!-- Generated by org.testng.reporters.JUnitReportReporter -->
<testsuite name="Basics.PostStudent" tests="1" time="1.758" ignored="0" failures="0" timestamp="04 Jul 2023 07:02:40 GMT" skipped="0" hostname="SYPULCP7CWG3" errors="0">
  <testcase name="createStudent" time="1.758" classname="Basics.PostStudent"/>
</testsuite> <!-- Basics.PostStudent -->
