<?xml version="1.0" encoding="UTF-8"?>
<!-- Generated by org.testng.reporters.JUnitReportReporter -->
<testsuite name="UsingInfofromOneReqToanother.OneReqToAnother" tests="2" time="2.432" ignored="0" failures="0" timestamp="05 Jul 2023 06:28:22 GMT" skipped="0" hostname="SYPULCP7CWG3" errors="0">
  <testcase name="name" time="2.368" classname="UsingInfofromOneReqToanother.OneReqToAnother"/>
  <testcase name="name1" time="0.064" classname="UsingInfofromOneReqToanother.OneReqToAnother"/>
</testsuite> <!-- UsingInfofromOneReqToanother.OneReqToAnother -->
