<?xml version="1.0" encoding="UTF-8"?>
<!-- Generated by org.testng.reporters.JUnitReportReporter -->
<testsuite name="POJO.ProductTest" tests="1" time="0.353" ignored="0" failures="0" timestamp="05 Jul 2023 07:00:10 GMT" skipped="0" hostname="SYPULCP7CWG3" errors="0">
  <testcase name="name" time="0.353" classname="POJO.ProductTest"/>
</testsuite> <!-- POJO.ProductTest -->
