<?xml version="1.0" encoding="UTF-8"?>
<!-- Generated by org.testng.reporters.JUnitReportReporter -->
<testsuite name="WithPayload3Simple.PostReq3Simple" tests="1" time="2.623" ignored="0" failures="0" timestamp="04 Jul 2023 11:50:27 GMT" skipped="0" hostname="SYPULCP7CWG3" errors="0">
  <testcase name="name" time="2.623" classname="WithPayload3Simple.PostReq3Simple"/>
</testsuite> <!-- WithPayload3Simple.PostReq3Simple -->
