<?xml version="1.0" encoding="UTF-8"?>
<!-- Generated by org.testng.reporters.JUnitReportReporter -->
<testsuite name="CreateStudentPayloadUsingCollection.UsingCollection" tests="1" time="2.192" ignored="0" failures="0" timestamp="04 Jul 2023 08:09:24 GMT" skipped="0" hostname="SYPULCP7CWG3" errors="0">
  <testcase name="name" time="2.192" classname="CreateStudentPayloadUsingCollection.UsingCollection"/>
</testsuite> <!-- CreateStudentPayloadUsingCollection.UsingCollection -->
