<?xml version="1.0" encoding="UTF-8"?>
<!-- Generated by org.testng.reporters.JUnitReportReporter -->
<testsuite name="Basics.LearnRestAssuredBasics" tests="1" time="1.798" ignored="0" failures="0" timestamp="04 Jul 2023 06:51:49 GMT" skipped="0" hostname="SYPULCP7CWG3" errors="0">
  <testcase name="studentprogrammeFinancialLimit1" time="1.798" classname="Basics.LearnRestAssuredBasics"/>
</testsuite> <!-- Basics.LearnRestAssuredBasics -->
