<?xml version="1.0" encoding="UTF-8"?>
<!-- Generated by org.testng.reporters.JUnitReportReporter -->
<testsuite name="WithPayload2Simple.PostReq2Simple" tests="1" time="2.649" ignored="0" failures="0" timestamp="04 Jul 2023 11:40:37 GMT" skipped="0" hostname="SYPULCP7CWG3" errors="0">
  <testcase name="name" time="2.649" classname="WithPayload2Simple.PostReq2Simple"/>
</testsuite> <!-- WithPayload2Simple.PostReq2Simple -->
