<?xml version="1.0" encoding="UTF-8"?>
<!-- Generated by org.testng.reporters.JUnitReportReporter -->
<testsuite name="Basics.UpdateStudent" tests="1" time="1.687" ignored="0" failures="0" timestamp="04 Jul 2023 07:17:54 GMT" skipped="0" hostname="SYPULCP7CWG3" errors="0">
  <testcase name="name" time="1.687" classname="Basics.UpdateStudent"/>
</testsuite> <!-- Basics.UpdateStudent -->
