<?xml version="1.0" encoding="UTF-8"?>
<!-- Generated by org.testng.reporters.JUnitReportReporter -->
<testsuite name="CreateStudentPayloadUsingCollection.CreatePostUsingObjectArray" tests="1" time="1.584" ignored="0" failures="0" timestamp="04 Jul 2023 08:23:22 GMT" skipped="0" hostname="SYPULCP7CWG3" errors="0">
  <testcase name="name" time="1.584" classname="CreateStudentPayloadUsingCollection.CreatePostUsingObjectArray"/>
</testsuite> <!-- CreateStudentPayloadUsingCollection.CreatePostUsingObjectArray -->
